{'timestamp': '2023-12-25 10:49:26', 'method': 'POST', 'path': '/api/user/login', 'status': 200, 'message': 'Logged In As Admin', 'email': 'admin@gmail.com', 'name': 'Admin'}
{'timestamp': '2023-12-25 10:49:26', 'method': 'GET', 'path': '/api/appointment/view/', 'status': 200, 'message': 'Appointment Data Retrieved Successfully', 'email': 'admin@gmail.com', 'user_role': 'Admin'}
{'timestamp': '2023-12-25 11:08:09', 'method': 'GET', 'path': '/api/appointment/appointmentCount', 'status': 200, 'message': 'Appointment Data Retrieved Successfully', 'email': 'admin@gmail.com', 'user_role': 'Admin'}
{'timestamp': '2023-12-25 11:08:09', 'method': 'GET', 'path': '/api/disease/view/', 'status': 200, 'message': 'Disease Data Retrieved Successfully'}
{'timestamp': '2023-12-25 11:08:09', 'method': 'GET', 'path': '/api/employee/view/', 'status': 200, 'message': 'Employee Data Retrieved Successfully', 'email': 'admin@gmail.com'}
{'timestamp': '2023-12-25 12:04:03', 'method': 'POST', 'path': '/api/user/login', 'status': 200, 'message': 'Logged In As Admin', 'email': 'admin@gmail.com', 'name': 'Admin'}
{'timestamp': '2023-12-26 13:42:29', 'method': 'POST', 'path': '/api/user/login', 'status': 200, 'message': 'Logged In As Patient', 'email': 'agrkeshav04@gmail.com', 'name': 'Keshav Agrawal'}
{'timestamp': '2023-12-26 13:42:29', 'method': 'GET', 'path': '/api/doctor/view/', 'status': 200, 'message': 'Doctor Data Retrieved Successfully'}
{'timestamp': '2023-12-26 13:42:29', 'method': 'GET', 'path': '/api/disease/view/', 'status': 200, 'message': 'Disease Data Retrieved Successfully'}
{'timestamp': '2023-12-26 13:47:23', 'method': 'POST', 'path': '/api/appointment/add', 'status': 200, 'message': 'AppointmentBooked Successfully', 'email': 'agrkeshav04@gmail.com'}
{'timestamp': '2023-12-26 13:48:37', 'method': 'POST', 'path': '/api/appointment/add', 'status': 200, 'message': 'AppointmentBooked Successfully', 'email': 'agrkeshav04@gmail.com'}
{'timestamp': '2023-12-26 13:49:50', 'method': 'POST', 'path': '/api/appointment/add', 'status': 200, 'message': 'AppointmentBooked Successfully', 'email': 'agrkeshav04@gmail.com'}
{'timestamp': '2023-12-26 16:36:03', 'method': 'POST', 'path': '/api/user/login', 'status': 200, 'message': 'Logged In As Admin', 'email': 'admin@gmail.com', 'name': 'Admin'}
{'timestamp': '2023-12-26 16:36:59', 'method': 'GET', 'path': '/api/appointment/appointmentCount', 'status': 200, 'message': 'Appointment Data Retrieved Successfully', 'email': 'admin@gmail.com', 'user_role': 'Admin'}
{'timestamp': '2024-01-13 13:34:24', 'method': 'POST', 'path': '/api/user/login', 'status': 200, 'message': 'Logged In As Patient', 'email': 'aman@gmail.com', 'name': 'Aman yadav'}
{'timestamp': '2024-01-13 13:34:23', 'method': 'GET', 'path': '/api/doctor/view/', 'status': 200, 'message': 'Doctor Data Retrieved Successfully'}
{'timestamp': '2024-01-13 13:41:38', 'method': 'GET', 'path': '/api/doctor/view/', 'status': 200, 'message': 'Doctor Data Retrieved Successfully'}
{'timestamp': '2024-01-13 13:44:32', 'method': 'GET', 'path': '/api/doctor/view/', 'status': 200, 'message': 'Doctor Data Retrieved Successfully'}
{'timestamp': '2024-01-13 14:08:29', 'method': 'POST', 'path': '/api/user/login', 'status': 200, 'message': 'Logged In As Patient', 'email': 'aman@gmail.com', 'name': 'Aman yadav'}
{'timestamp': '2024-01-13 14:08:29', 'method': 'GET', 'path': '/api/doctor/view/', 'status': 200, 'message': 'Doctor Data Retrieved Successfully'}
{'timestamp': '2024-01-13 14:12:23', 'method': 'GET', 'path': '/api/doctor/view/', 'status': 200, 'message': 'Doctor Data Retrieved Successfully'}
{'timestamp': '2024-01-13 14:13:53', 'method': 'GET', 'path': '/api/doctor/view/', 'status': 200, 'message': 'Doctor Data Retrieved Successfully'}
{'timestamp': '2024-01-13 14:18:27', 'method': 'GET', 'path': '/api/doctor/view/', 'status': 200, 'message': 'Doctor Data Retrieved Successfully'}
{'timestamp': '2024-01-13 14:18:54', 'method': 'GET', 'path': '/api/doctor/view/', 'status': 200, 'message': 'Doctor Data Retrieved Successfully'}
{'timestamp': '2024-01-13 14:19:55', 'method': 'GET', 'path': '/api/doctor/view/', 'status': 200, 'message': 'Doctor Data Retrieved Successfully'}
{'timestamp': '2024-01-13 14:23:18', 'method': 'GET', 'path': '/api/doctor/view/', 'status': 200, 'message': 'Doctor Data Retrieved Successfully'}
{'timestamp': '2024-01-13 14:25:32', 'method': 'GET', 'path': '/api/doctor/view/', 'status': 200, 'message': 'Doctor Data Retrieved Successfully'}
{'timestamp': '2024-01-13 14:25:55', 'method': 'GET', 'path': '/api/doctor/view/', 'status': 200, 'message': 'Doctor Data Retrieved Successfully'}
{'timestamp': '2024-01-13 14:32:18', 'method': 'GET', 'path': '/api/doctor/view/', 'status': 200, 'message': 'Doctor Data Retrieved Successfully'}
{'timestamp': '2024-01-13 14:37:37', 'method': 'GET', 'path': '/api/doctor/view/', 'status': 200, 'message': 'Doctor Data Retrieved Successfully'}
{'timestamp': '2024-01-13 14:38:52', 'method': 'GET', 'path': '/api/doctor/view/', 'status': 200, 'message': 'Doctor Data Retrieved Successfully'}
{'timestamp': '2024-01-13 14:40:51', 'method': 'POST', 'path': '/api/user/login', 'status': 200, 'message': 'Logged In As Patient', 'email': 'aman@gmail.com', 'name': 'Aman yadav'}
{'timestamp': '2024-01-13 14:40:51', 'method': 'POST', 'path': '/api/user/login', 'status': 200, 'message': 'Logged In As Patient', 'email': 'aman@gmail.com', 'name': 'Aman yadav'}
{'timestamp': '2024-01-13 14:40:51', 'method': 'GET', 'path': '/api/doctor/view/', 'status': 200, 'message': 'Doctor Data Retrieved Successfully'}
{'timestamp': '2024-01-13 14:44:49', 'method': 'GET', 'path': '/api/doctor/view/', 'status': 200, 'message': 'Doctor Data Retrieved Successfully'}
{'timestamp': '2024-01-13 14:45:27', 'method': 'GET', 'path': '/api/doctor/view/', 'status': 200, 'message': 'Doctor Data Retrieved Successfully'}
{'timestamp': '2024-01-13 15:02:42', 'method': 'POST', 'path': '/api/user/login', 'status': 200, 'message': 'Logged In As Patient', 'email': 'aman@gmail.com', 'name': 'Aman yadav'}
{'timestamp': '2024-01-13 15:02:42', 'method': 'POST', 'path': '/api/user/login', 'status': 200, 'message': 'Logged In As Patient', 'email': 'aman@gmail.com', 'name': 'Aman yadav'}
{'timestamp': '2024-01-13 15:02:42', 'method': 'GET', 'path': '/api/doctor/view/', 'status': 200, 'message': 'Doctor Data Retrieved Successfully'}
{'timestamp': '2024-01-13 15:07:46', 'method': 'GET', 'path': '/api/doctor/view/', 'status': 200, 'message': 'Doctor Data Retrieved Successfully'}
{'timestamp': '2024-01-13 15:10:11', 'method': 'GET', 'path': '/api/doctor/view/', 'status': 200, 'message': 'Doctor Data Retrieved Successfully'}
{'timestamp': '2024-01-13 15:13:05', 'method': 'GET', 'path': '/api/doctor/view/', 'status': 200, 'message': 'Doctor Data Retrieved Successfully'}
{'timestamp': '2024-01-13 15:16:00', 'method': 'GET', 'path': '/api/doctor/view/', 'status': 200, 'message': 'Doctor Data Retrieved Successfully'}
{'timestamp': '2024-01-13 15:17:35', 'method': 'GET', 'path': '/api/doctor/view/', 'status': 200, 'message': 'Doctor Data Retrieved Successfully'}
{'timestamp': '2024-01-13 15:20:17', 'method': 'GET', 'path': '/api/doctor/view/', 'status': 200, 'message': 'Doctor Data Retrieved Successfully'}
{'timestamp': '2024-01-13 15:21:14', 'method': 'GET', 'path': '/api/doctor/view/', 'status': 200, 'message': 'Doctor Data Retrieved Successfully'}
{'timestamp': '2024-01-13 15:23:07', 'method': 'GET', 'path': '/api/doctor/view/', 'status': 200, 'message': 'Doctor Data Retrieved Successfully'}
{'timestamp': '2024-01-13 15:23:07', 'method': 'GET', 'path': '/api/doctor/view/', 'status': 200, 'message': 'Doctor Data Retrieved Successfully'}
{'timestamp': '2024-01-13 15:26:25', 'method': 'GET', 'path': '/api/doctor/view/', 'status': 200, 'message': 'Doctor Data Retrieved Successfully'}
{'timestamp': '2024-01-13 15:27:10', 'method': 'GET', 'path': '/api/doctor/view/', 'status': 200, 'message': 'Doctor Data Retrieved Successfully'}
{'timestamp': '2024-01-13 15:29:50', 'method': 'GET', 'path': '/api/doctor/view/', 'status': 200, 'message': 'Doctor Data Retrieved Successfully'}
{'timestamp': '2024-01-13 15:30:32', 'method': 'GET', 'path': '/api/doctor/view/', 'status': 200, 'message': 'Doctor Data Retrieved Successfully'}
{'timestamp': '2024-01-13 15:38:14', 'method': 'POST', 'path': '/api/user/login', 'status': 200, 'message': 'Logged In As Patient', 'email': 'aman@gmail.com', 'name': 'Aman yadav'}
{'timestamp': '2024-01-13 15:54:26', 'method': 'POST', 'path': '/api/user/login', 'status': 200, 'message': 'Logged In As Patient', 'email': 'aman@gmail.com', 'name': 'Aman yadav'}
{'timestamp': '2024-01-13 15:54:26', 'method': 'POST', 'path': '/api/user/login', 'status': 200, 'message': 'Logged In As Patient', 'email': 'aman@gmail.com', 'name': 'Aman yadav'}
{'timestamp': '2024-01-13 15:57:05', 'method': 'GET', 'path': '/api/doctor/view/', 'status': 200, 'message': 'Doctor Data Retrieved Successfully'}
{'timestamp': '2024-01-13 16:01:50', 'method': 'GET', 'path': '/api/doctor/view/', 'status': 200, 'message': 'Doctor Data Retrieved Successfully'}
{'timestamp': '2024-01-13 16:03:00', 'method': 'GET', 'path': '/api/doctor/view/', 'status': 200, 'message': 'Doctor Data Retrieved Successfully'}
{'timestamp': '2024-01-13 16:03:00', 'method': 'GET', 'path': '/api/doctor/view/', 'status': 200, 'message': 'Doctor Data Retrieved Successfully'}
